<?xml version="1.0" encoding="UTF-8"?>
<testng-results skipped="0" failed="0" ignored="0" total="1" passed="1">
  <reporter-output>
  </reporter-output>
  <suite name="Data Driven Basics" duration-ms="6916" started-at="2020-08-24T07:39:19Z" finished-at="2020-08-24T07:39:26Z">
    <groups>
    </groups>
    <test name="MercuryLoginTest" duration-ms="6916" started-at="2020-08-24T07:39:19Z" finished-at="2020-08-24T07:39:26Z">
      <class name="com.SP.testcases.MercuryLoginTest">
        <test-method status="PASS" signature="setUp()[pri:0, instance:com.SP.testcases.MercuryLoginTest@229f66ed]" name="setUp" is-config="true" duration-ms="36333" started-at="2020-08-24T13:08:43Z" finished-at="2020-08-24T13:09:19Z">
          <reporter-output>
          </reporter-output>
        </test-method> <!-- setUp -->
        <test-method status="PASS" signature="mercuryLoginTest(java.util.Hashtable)[pri:0, instance:com.SP.testcases.MercuryLoginTest@229f66ed]" name="mercuryLoginTest" duration-ms="6562" started-at="2020-08-24T13:09:19Z" data-provider="dp" finished-at="2020-08-24T13:09:26Z">
          <params>
            <param index="0">
              <value>
                <![CDATA[{password=mercury, username=mercury}]]>
              </value>
            </param>
          </params>
          <reporter-output>
          </reporter-output>
        </test-method> <!-- mercuryLoginTest -->
        <test-method status="PASS" signature="tearDown()[pri:0, instance:com.SP.testcases.MercuryLoginTest@229f66ed]" name="tearDown" is-config="true" duration-ms="9717" started-at="2020-08-24T13:09:26Z" finished-at="2020-08-24T13:09:36Z">
          <reporter-output>
          </reporter-output>
        </test-method> <!-- tearDown -->
      </class> <!-- com.SP.testcases.MercuryLoginTest -->
    </test> <!-- MercuryLoginTest -->
  </suite> <!-- Data Driven Basics -->
</testng-results>
