<?xml version="1.0" encoding="UTF-8"?>
<testsuite name="Open Account Test"
           tests="1"
           failures="1"
           errors="0"
           skipped="0"
           time="12.194">
  <properties />
            <testcase name="openAccountTest" time="12.194" classname="com.SP.testcases.OpenAccountTest">
                <failure type="java.lang.NullPointerException"
                  message="(null)"
              >
<![CDATA[java.lang.NullPointerException
  org.openqa.selenium.remote.RemoteWebElement.findElements(RemoteWebElement.java:223)
  org.openqa.selenium.remote.RemoteWebElement.findElementsByXPath(RemoteWebElement.java:299)
  org.openqa.selenium.By$ByXPath.findElements(By.java:356)
  org.openqa.selenium.remote.RemoteWebElement.findElements(RemoteWebElement.java:190)
  org.openqa.selenium.support.ui.Select.selectByVisibleText(Select.java:135)
  com.SP.base.TestBase.select(TestBase.java:171)
  com.SP.testcases.OpenAccountTest.openAccountTest(OpenAccountTest.java:27)
  sun.reflect.NativeMethodAccessorImpl.invoke0(Native Method)
  sun.reflect.NativeMethodAccessorImpl.invoke(Unknown Source)
  sun.reflect.DelegatingMethodAccessorImpl.invoke(Unknown Source)
  java.lang.reflect.Method.invoke(Unknown Source)
  org.testng.internal.MethodInvocationHelper.invokeMethod(MethodInvocationHelper.java:108)
  org.testng.internal.Invoker.invokeMethod(Invoker.java:661)
  org.testng.internal.Invoker.invokeTestMethod(Invoker.java:869)
  org.testng.internal.Invoker.invokeTestMethods(Invoker.java:1193)
  org.testng.internal.TestMethodWorker.invokeTestMethods(TestMethodWorker.java:126)
  org.testng.internal.TestMethodWorker.run(TestMethodWorker.java:109)
  org.testng.TestRunner.privateRun(TestRunner.java:744)
  org.testng.TestRunner.run(TestRunner.java:602)
  org.testng.SuiteRunner.runTest(SuiteRunner.java:380)
  org.testng.SuiteRunner.runSequentially(SuiteRunner.java:375)
  org.testng.SuiteRunner.privateRun(SuiteRunner.java:340)
  org.testng.SuiteRunner.run(SuiteRunner.java:289)
  org.testng.SuiteRunnerWorker.runSuite(SuiteRunnerWorker.java:52)
  org.testng.SuiteRunnerWorker.run(SuiteRunnerWorker.java:86)
  org.testng.TestNG.runSuitesSequentially(TestNG.java:1301)
  org.testng.TestNG.runSuitesLocally(TestNG.java:1226)
  org.testng.TestNG.runSuites(TestNG.java:1144)
  org.testng.TestNG.run(TestNG.java:1115)
  org.testng.remote.AbstractRemoteTestNG.run(AbstractRemoteTestNG.java:115)
  org.testng.remote.RemoteTestNG.initAndRun(RemoteTestNG.java:251)
  org.testng.remote.RemoteTestNG.main(RemoteTestNG.java:77)
]]>
      </failure>

          </testcase>
  
  
  
</testsuite>
